<?xml version="1.0" encoding="UTF-8"?>
<testng-results skipped="0" failed="0" ignored="0" total="1" passed="1">
  <reporter-output>
  </reporter-output>
  <suite name="Default suite" duration-ms="17881" started-at="2021-05-12T17:49:40Z" finished-at="2021-05-12T17:49:57Z">
    <groups>
    </groups>
    <test name="Default test" duration-ms="17881" started-at="2021-05-12T17:49:40Z" finished-at="2021-05-12T17:49:57Z">
      <class name="driver.DriverClass">
        <test-method status="PASS" signature="initialization()[pri:0, instance:driver.DriverClass@71423665]" name="initialization" is-config="true" duration-ms="9" started-at="2021-05-12T23:19:40Z" finished-at="2021-05-12T23:19:40Z">
          <reporter-output>
          </reporter-output>
        </test-method> <!-- initialization -->
        <test-method status="PASS" signature="driverMethod()[pri:0, instance:driver.DriverClass@71423665]" name="driverMethod" duration-ms="17842" started-at="2021-05-12T23:19:40Z" finished-at="2021-05-12T23:19:57Z">
          <reporter-output>
          </reporter-output>
        </test-method> <!-- driverMethod -->
        <test-method status="PASS" signature="closeTest()[pri:0, instance:driver.DriverClass@71423665]" name="closeTest" is-config="true" duration-ms="1" started-at="2021-05-12T23:19:57Z" finished-at="2021-05-12T23:19:57Z">
          <reporter-output>
          </reporter-output>
        </test-method> <!-- closeTest -->
      </class> <!-- driver.DriverClass -->
    </test> <!-- Default test -->
  </suite> <!-- Default suite -->
</testng-results>
